writeCommonTags: couldn't write 'year' tag to 'BrunuhVille/Age Of Gods.m4a' as it's not a positive integer
writeCommonTags: couldn't write 'track' tag to 'BrunuhVille/Age Of Gods.m4a' as it's not a positive integer
writeCommonTags: couldn't write 'year' tag to 'BrunuhVille/Allure Of Darkness.m4a' as it's not a positive integer
writeCommonTags: couldn't write 'track' tag to 'BrunuhVille/Allure Of Darkness.m4a' as it's not a positive integer
writeCommonTags: couldn't write 'year' tag to 'BrunuhVille/Battle For Camelot (Tartalo Music).m4a' as it's not a positive integer
writeCommonTags: couldn't write 'track' tag to 'BrunuhVille/Battle For Camelot (Tartalo Music).m4a' as it's not a positive integer
writeCommonTags: couldn't write 'year' tag to 'BrunuhVille/Black Heart.m4a' as it's not a positive integer
writeCommonTags: couldn't write 'track' tag to 'BrunuhVille/Black Heart.m4a' as it's not a positive integer
writeCommonTags: couldn't write 'year' tag to 'Unknown Artist/Unknown Album/20130316 195843 3.m4a' as it's not a positive integer
writeCommonTags: couldn't write 'track' tag to 'Unknown Artist/Unknown Album/20130316 195843 3.m4a' as it's not a positive integer
writeCommonTags: couldn't write 'year' tag to 'BrunuhVille/Cry of the Dragons (Ft. Sharm).m4a' as it's not a positive integer
writeCommonTags: couldn't write 'track' tag to 'BrunuhVille/Cry of the Dragons (Ft. Sharm).m4a' as it's not a positive integer
writeCommonTags: couldn't write 'year' tag to 'BrunuhVille/Cry of the Dragons.m4a' as it's not a positive integer
writeCommonTags: couldn't write 'track' tag to 'BrunuhVille/Cry of the Dragons.m4a' as it's not a positive integer
writeCommonTags: couldn't write 'year' tag to 'BrunuhVille/Dance with Dragons.m4a' as it's not a positive integer
writeCommonTags: couldn't write 'track' tag to 'BrunuhVille/Dance with Dragons.m4a' as it's not a positive integer
writeCommonTags: couldn't write 'year' tag to 'BrunuhVille/Dragon Empress.m4a' as it's not a positive integer
writeCommonTags: couldn't write 'track' tag to 'BrunuhVille/Dragon Empress.m4a' as it's not a positive integer
writeCommonTags: couldn't write 'year' tag to 'BrunuhVille/DragonLand (Metal Version).m4a' as it's not a positive integer
writeCommonTags: couldn't write 'track' tag to 'BrunuhVille/DragonLand (Metal Version).m4a' as it's not a positive integer
writeCommonTags: couldn't write 'year' tag to 'BrunuhVille/DragonLand (Simple Version).m4a' as it's not a positive integer
writeCommonTags: couldn't write 'track' tag to 'BrunuhVille/DragonLand (Simple Version).m4a' as it's not a positive integer
writeCommonTags: couldn't write 'year' tag to 'BrunuhVille/Fallen Tears.m4a' as it's not a positive integer
writeCommonTags: couldn't write 'track' tag to 'BrunuhVille/Fallen Tears.m4a' as it's not a positive integer
writeCommonTags: couldn't write 'year' tag to 'BrunuhVille/Falls of Glory.m4a' as it's not a positive integer
writeCommonTags: couldn't write 'track' tag to 'BrunuhVille/Falls of Glory.m4a' as it's not a positive integer
writeCommonTags: couldn't write 'year' tag to 'Unknown Artist/Unknown Album/Forests of Finland.m4a' as it's not a positive integer
writeCommonTags: couldn't write 'track' tag to 'Unknown Artist/Unknown Album/Forests of Finland.m4a' as it's not a positive integer
writeCommonTags: couldn't write 'year' tag to 'BrunuhVille/Guardians Of The Woods.m4a' as it's not a positive integer
writeCommonTags: couldn't write 'track' tag to 'BrunuhVille/Guardians Of The Woods.m4a' as it's not a positive integer
writeCommonTags: couldn't write 'year' tag to 'BrunuhVille/Heart of Fire.m4a' as it's not a positive integer
writeCommonTags: couldn't write 'track' tag to 'BrunuhVille/Heart of Fire.m4a' as it's not a positive integer
writeCommonTags: couldn't write 'year' tag to 'BrunuhVille/Hero's Journey.m4a' as it's not a positive integer
writeCommonTags: couldn't write 'track' tag to 'BrunuhVille/Hero's Journey.m4a' as it's not a positive integer
writeCommonTags: couldn't write 'year' tag to 'BrunuhVille/King of the North.m4a' as it's not a positive integer
writeCommonTags: couldn't write 'track' tag to 'BrunuhVille/King of the North.m4a' as it's not a positive integer
writeCommonTags: couldn't write 'year' tag to 'Unknown Artist/Unknown Album/Krummavisur.m4a' as it's not a positive integer
writeCommonTags: couldn't write 'track' tag to 'Unknown Artist/Unknown Album/Krummavisur.m4a' as it's not a positive integer
writeCommonTags: couldn't write 'year' tag to 'BrunuhVille/Lumina.m4a' as it's not a positive integer
writeCommonTags: couldn't write 'track' tag to 'BrunuhVille/Lumina.m4a' as it's not a positive integer
writeCommonTags: couldn't write 'year' tag to 'BrunuhVille/Magic of Love.m4a' as it's not a positive integer
writeCommonTags: couldn't write 'track' tag to 'BrunuhVille/Magic of Love.m4a' as it's not a positive integer
writeCommonTags: couldn't write 'year' tag to 'BrunuhVille/Medieval Legends.m4a' as it's not a positive integer
writeCommonTags: couldn't write 'track' tag to 'BrunuhVille/Medieval Legends.m4a' as it's not a positive integer
writeCommonTags: couldn't write 'year' tag to 'BrunuhVille/Mists of Avalon.m4a' as it's not a positive integer
writeCommonTags: couldn't write 'track' tag to 'BrunuhVille/Mists of Avalon.m4a' as it's not a positive integer
writeCommonTags: couldn't write 'year' tag to 'BrunuhVille/Northwind.m4a' as it's not a positive integer
writeCommonTags: couldn't write 'track' tag to 'BrunuhVille/Northwind.m4a' as it's not a positive integer
writeCommonTags: couldn't write 'year' tag to 'BrunuhVille/Our Farewell.m4a' as it's not a positive integer
writeCommonTags: couldn't write 'track' tag to 'BrunuhVille/Our Farewell.m4a' as it's not a positive integer
writeCommonTags: couldn't write 'year' tag to 'BrunuhVille/Our Hero (Hero's Journey - Vocal Version).m4a' as it's not a positive integer
writeCommonTags: couldn't write 'track' tag to 'BrunuhVille/Our Hero (Hero's Journey - Vocal Version).m4a' as it's not a positive integer
writeCommonTags: couldn't write 'year' tag to 'Unknown Artist/Unknown Album/Oyneng Yar.m4a' as it's not a positive integer
writeCommonTags: couldn't write 'track' tag to 'Unknown Artist/Unknown Album/Oyneng Yar.m4a' as it's not a positive integer
writeCommonTags: couldn't write 'year' tag to 'Unknown Artist/Unknown Album/Pure slavic music.m4a' as it's not a positive integer
writeCommonTags: couldn't write 'track' tag to 'Unknown Artist/Unknown Album/Pure slavic music.m4a' as it's not a positive integer
writeCommonTags: couldn't write 'year' tag to 'BrunuhVille/Remember (Vocal Version).m4a' as it's not a positive integer
writeCommonTags: couldn't write 'track' tag to 'BrunuhVille/Remember (Vocal Version).m4a' as it's not a positive integer
writeCommonTags: couldn't write 'year' tag to 'BrunuhVille/Rise of a Kingdom.m4a' as it's not a positive integer
writeCommonTags: couldn't write 'track' tag to 'BrunuhVille/Rise of a Kingdom.m4a' as it's not a positive integer
writeCommonTags: couldn't write 'year' tag to 'BrunuhVille/Rise of the Fallen.m4a' as it's not a positive integer
writeCommonTags: couldn't write 'track' tag to 'BrunuhVille/Rise of the Fallen.m4a' as it's not a positive integer
writeCommonTags: couldn't write 'year' tag to 'BrunuhVille/Rising Sun.m4a' as it's not a positive integer
writeCommonTags: couldn't write 'track' tag to 'BrunuhVille/Rising Sun.m4a' as it's not a positive integer
writeCommonTags: couldn't write 'year' tag to 'BrunuhVille/Riversong (Vocal Version).m4a' as it's not a positive integer
writeCommonTags: couldn't write 'track' tag to 'BrunuhVille/Riversong (Vocal Version).m4a' as it's not a positive integer
writeCommonTags: couldn't write 'year' tag to 'Unknown Artist/Unknown Album/Skyrim-Orchestra.m4a' as it's not a positive integer
writeCommonTags: couldn't write 'track' tag to 'Unknown Artist/Unknown Album/Skyrim-Orchestra.m4a' as it's not a positive integer
writeCommonTags: couldn't write 'year' tag to 'Unknown Artist/Unknown Album/Skyrim.m4a' as it's not a positive integer
writeCommonTags: couldn't write 'track' tag to 'Unknown Artist/Unknown Album/Skyrim.m4a' as it's not a positive integer
writeCommonTags: couldn't write 'year' tag to 'Unknown Artist/Unknown Album/Slavic Cultural Music-Compilation.m4a' as it's not a positive integer
writeCommonTags: couldn't write 'track' tag to 'Unknown Artist/Unknown Album/Slavic Cultural Music-Compilation.m4a' as it's not a positive integer
writeCommonTags: couldn't write 'year' tag to 'Unknown Artist/Unknown Album/Slavic Folk Music-Woodland Leshy.m4a' as it's not a positive integer
writeCommonTags: couldn't write 'track' tag to 'Unknown Artist/Unknown Album/Slavic Folk Music-Woodland Leshy.m4a' as it's not a positive integer
writeCommonTags: couldn't write 'year' tag to 'Unknown Artist/Unknown Album/Slavic Lands.m4a' as it's not a positive integer
writeCommonTags: couldn't write 'track' tag to 'Unknown Artist/Unknown Album/Slavic Lands.m4a' as it's not a positive integer
writeCommonTags: couldn't write 'year' tag to 'Unknown Artist/Unknown Album/Slavic Warrior Folk Music.m4a' as it's not a positive integer
writeCommonTags: couldn't write 'track' tag to 'Unknown Artist/Unknown Album/Slavic Warrior Folk Music.m4a' as it's not a positive integer
writeCommonTags: couldn't write 'year' tag to 'BrunuhVille/Sons of the Storm.m4a' as it's not a positive integer
writeCommonTags: couldn't write 'track' tag to 'BrunuhVille/Sons of the Storm.m4a' as it's not a positive integer
writeCommonTags: couldn't write 'year' tag to 'BrunuhVille/Spirit of the Wild.m4a' as it's not a positive integer
writeCommonTags: couldn't write 'track' tag to 'BrunuhVille/Spirit of the Wild.m4a' as it's not a positive integer
writeCommonTags: couldn't write 'year' tag to 'BrunuhVille/The Elven Prophecy.m4a' as it's not a positive integer
writeCommonTags: couldn't write 'track' tag to 'BrunuhVille/The Elven Prophecy.m4a' as it's not a positive integer
writeCommonTags: couldn't write 'year' tag to 'BrunuhVille/The Eternal Forest.m4a' as it's not a positive integer
writeCommonTags: couldn't write 'track' tag to 'BrunuhVille/The Eternal Forest.m4a' as it's not a positive integer
writeCommonTags: couldn't write 'year' tag to 'BrunuhVille/The Everlasting Symphony.m4a' as it's not a positive integer
writeCommonTags: couldn't write 'track' tag to 'BrunuhVille/The Everlasting Symphony.m4a' as it's not a positive integer
writeCommonTags: couldn't write 'year' tag to 'BrunuhVille/The Last of His Name.m4a' as it's not a positive integer
writeCommonTags: couldn't write 'track' tag to 'BrunuhVille/The Last of His Name.m4a' as it's not a positive integer
writeCommonTags: couldn't write 'year' tag to 'BrunuhVille/The Realm of The Fallen King (Feat. Sharm).m4a' as it's not a positive integer
writeCommonTags: couldn't write 'track' tag to 'BrunuhVille/The Realm of The Fallen King (Feat. Sharm).m4a' as it's not a positive integer
writeCommonTags: couldn't write 'year' tag to 'BrunuhVille/The Song of the Dragonborn (BrunuhVille feat. Sharm)-UBXRig18t08.m4a' as it's not a positive integer
writeCommonTags: couldn't write 'track' tag to 'BrunuhVille/The Song of the Dragonborn (BrunuhVille feat. Sharm)-UBXRig18t08.m4a' as it's not a positive integer
writeCommonTags: couldn't write 'year' tag to 'BrunuhVille/The Voice of the Forest.m4a' as it's not a positive integer
writeCommonTags: couldn't write 'track' tag to 'BrunuhVille/The Voice of the Forest.m4a' as it's not a positive integer
writeCommonTags: couldn't write 'year' tag to 'BrunuhVille/The Wolf and the Moon.m4a' as it's not a positive integer
writeCommonTags: couldn't write 'track' tag to 'BrunuhVille/The Wolf and the Moon.m4a' as it's not a positive integer
writeCommonTags: couldn't write 'year' tag to 'Unknown Artist/Unknown Album/Traditional Slavic Folk Music.m4a' as it's not a positive integer
writeCommonTags: couldn't write 'track' tag to 'Unknown Artist/Unknown Album/Traditional Slavic Folk Music.m4a' as it's not a positive integer
writeCommonTags: couldn't write 'year' tag to 'BrunuhVille/Vampire Tales (Blood, Love and Dust).m4a' as it's not a positive integer
writeCommonTags: couldn't write 'track' tag to 'BrunuhVille/Vampire Tales (Blood, Love and Dust).m4a' as it's not a positive integer
writeCommonTags: couldn't write 'year' tag to 'Unknown Artist/Unknown Album/Viking Tavern.m4a' as it's not a positive integer
writeCommonTags: couldn't write 'track' tag to 'Unknown Artist/Unknown Album/Viking Tavern.m4a' as it's not a positive integer
writeCommonTags: couldn't write 'year' tag to 'Unknown Artist/Unknown Album/Villeman og magnhild.m4a' as it's not a positive integer
writeCommonTags: couldn't write 'track' tag to 'Unknown Artist/Unknown Album/Villeman og magnhild.m4a' as it's not a positive integer
writeCommonTags: couldn't write 'year' tag to 'Unknown Artist/Unknown Album/V채nner Och Fr채nder.m4a' as it's not a positive integer
writeCommonTags: couldn't write 'track' tag to 'Unknown Artist/Unknown Album/V채nner Och Fr채nder.m4a' as it's not a positive integer
writeCommonTags: couldn't write 'year' tag to 'BrunuhVille/Winds Of Freedom.m4a' as it's not a positive integer
writeCommonTags: couldn't write 'track' tag to 'BrunuhVille/Winds Of Freedom.m4a' as it's not a positive integer
writeCommonTags: couldn't write 'year' tag to 'BrunuhVille/Winterwolf.m4a' as it's not a positive integer
writeCommonTags: couldn't write 'track' tag to 'BrunuhVille/Winterwolf.m4a' as it's not a positive integer
writeCommonTags: couldn't write 'year' tag to 'BrunuhVille/Wolfborn.m4a' as it's not a positive integer
writeCommonTags: couldn't write 'track' tag to 'BrunuhVille/Wolfborn.m4a' as it's not a positive integer
writeCommonTags: couldn't write 'year' tag to 'Unknown Artist/Unknown Album/Yggdrasill.m4a' as it's not a positive integer
writeCommonTags: couldn't write 'track' tag to 'Unknown Artist/Unknown Album/Yggdrasill.m4a' as it's not a positive integer
writeCommonTags: couldn't write 'year' tag to 'Unknown Artist/Unknown Album/Forests of Finland.m4a' as it's not a positive integer
writeCommonTags: couldn't write 'track' tag to 'Unknown Artist/Unknown Album/Forests of Finland.m4a' as it's not a positive integer
writeCommonTags: couldn't write 'year' tag to 'Unknown Artist/Unknown Album/Krummavisur.m4a' as it's not a positive integer
writeCommonTags: couldn't write 'track' tag to 'Unknown Artist/Unknown Album/Krummavisur.m4a' as it's not a positive integer
writeCommonTags: couldn't write 'year' tag to 'BrunuhVille/Dance with Dragons.m4a' as it's not a positive integer
writeCommonTags: couldn't write 'track' tag to 'BrunuhVille/Dance with Dragons.m4a' as it's not a positive integer
writeCommonTags: couldn't write 'year' tag to 'BrunuhVille/DragonLand (Metal Version).m4a' as it's not a positive integer
writeCommonTags: couldn't write 'track' tag to 'BrunuhVille/DragonLand (Metal Version).m4a' as it's not a positive integer
